C:\Projects\phonebook_new\phonebook\angularfrontend\dist\out-tsc\e2e\src\app.po.js
C:\Projects\phonebook_new\phonebook\angularfrontend\dist\out-tsc\e2e\src\app.po.js.map
C:\Projects\phonebook_new\phonebook\angularfrontend\dist\out-tsc\e2e\src\app.e2e-spec.js
C:\Projects\phonebook_new\phonebook\angularfrontend\dist\out-tsc\e2e\src\app.e2e-spec.js.map
C:\Projects\phonebook_new\phonebook\angularfrontend\dist\out-tsc\src\app\models\IPhoneBook.js
C:\Projects\phonebook_new\phonebook\angularfrontend\dist\out-tsc\src\app\models\IPhoneBook.js.map
C:\Projects\phonebook_new\phonebook\angularfrontend\dist\out-tsc\src\app\models\http-models\phonebook-http.interface.js
C:\Projects\phonebook_new\phonebook\angularfrontend\dist\out-tsc\src\app\models\http-models\phonebook-http.interface.js.map
C:\Projects\phonebook_new\phonebook\angularfrontend\dist\out-tsc\src\app\store\state\phonebook.state.js
C:\Projects\phonebook_new\phonebook\angularfrontend\dist\out-tsc\src\app\store\state\phonebook.state.js.map
C:\Projects\phonebook_new\phonebook\angularfrontend\dist\out-tsc\src\app\store\actions\phonebook.actions.js
C:\Projects\phonebook_new\phonebook\angularfrontend\dist\out-tsc\src\app\store\actions\phonebook.actions.js.map
C:\Projects\phonebook_new\phonebook\angularfrontend\dist\out-tsc\src\app\store\state\app.state.js
C:\Projects\phonebook_new\phonebook\angularfrontend\dist\out-tsc\src\app\store\state\app.state.js.map
C:\Projects\phonebook_new\phonebook\angularfrontend\dist\out-tsc\src\app\store\selectors\phonebook.selectors.js
C:\Projects\phonebook_new\phonebook\angularfrontend\dist\out-tsc\src\app\store\selectors\phonebook.selectors.js.map
C:\Projects\phonebook_new\phonebook\angularfrontend\dist\out-tsc\src\app\constants.js
C:\Projects\phonebook_new\phonebook\angularfrontend\dist\out-tsc\src\app\constants.js.map
C:\Projects\phonebook_new\phonebook\angularfrontend\dist\out-tsc\src\app\createentry\createentry.component.js
C:\Projects\phonebook_new\phonebook\angularfrontend\dist\out-tsc\src\app\createentry\createentry.component.js.map
C:\Projects\phonebook_new\phonebook\angularfrontend\dist\out-tsc\src\app\get-phone-book\get-phone-book.component.js
C:\Projects\phonebook_new\phonebook\angularfrontend\dist\out-tsc\src\app\get-phone-book\get-phone-book.component.js.map
C:\Projects\phonebook_new\phonebook\angularfrontend\dist\out-tsc\src\app\app-routing.module.js
C:\Projects\phonebook_new\phonebook\angularfrontend\dist\out-tsc\src\app\app-routing.module.js.map
C:\Projects\phonebook_new\phonebook\angularfrontend\dist\out-tsc\src\app\app.component.js
C:\Projects\phonebook_new\phonebook\angularfrontend\dist\out-tsc\src\app\app.component.js.map
C:\Projects\phonebook_new\phonebook\angularfrontend\dist\out-tsc\src\app\store\reducers\phonebook.reducers.js
C:\Projects\phonebook_new\phonebook\angularfrontend\dist\out-tsc\src\app\store\reducers\phonebook.reducers.js.map
C:\Projects\phonebook_new\phonebook\angularfrontend\dist\out-tsc\src\app\store\reducers\app.reducers.js
C:\Projects\phonebook_new\phonebook\angularfrontend\dist\out-tsc\src\app\store\reducers\app.reducers.js.map
C:\Projects\phonebook_new\phonebook\angularfrontend\dist\out-tsc\src\environments\environment.js
C:\Projects\phonebook_new\phonebook\angularfrontend\dist\out-tsc\src\environments\environment.js.map
C:\Projects\phonebook_new\phonebook\angularfrontend\dist\out-tsc\src\app\services\phonebook.service.js
C:\Projects\phonebook_new\phonebook\angularfrontend\dist\out-tsc\src\app\services\phonebook.service.js.map
C:\Projects\phonebook_new\phonebook\angularfrontend\dist\out-tsc\src\app\store\effects\phonebook.effects.js
C:\Projects\phonebook_new\phonebook\angularfrontend\dist\out-tsc\src\app\store\effects\phonebook.effects.js.map
C:\Projects\phonebook_new\phonebook\angularfrontend\dist\out-tsc\src\app\material.module.js
C:\Projects\phonebook_new\phonebook\angularfrontend\dist\out-tsc\src\app\material.module.js.map
C:\Projects\phonebook_new\phonebook\angularfrontend\dist\out-tsc\src\app\app.module.js
C:\Projects\phonebook_new\phonebook\angularfrontend\dist\out-tsc\src\app\app.module.js.map
C:\Projects\phonebook_new\phonebook\angularfrontend\dist\out-tsc\src\main.js
C:\Projects\phonebook_new\phonebook\angularfrontend\dist\out-tsc\src\main.js.map
C:\Projects\phonebook_new\phonebook\angularfrontend\dist\out-tsc\src\polyfills.js
C:\Projects\phonebook_new\phonebook\angularfrontend\dist\out-tsc\src\polyfills.js.map
C:\Projects\phonebook_new\phonebook\angularfrontend\dist\out-tsc\src\test.js
C:\Projects\phonebook_new\phonebook\angularfrontend\dist\out-tsc\src\test.js.map
C:\Projects\phonebook_new\phonebook\angularfrontend\dist\out-tsc\src\app\app.component.spec.js
C:\Projects\phonebook_new\phonebook\angularfrontend\dist\out-tsc\src\app\app.component.spec.js.map
C:\Projects\phonebook_new\phonebook\angularfrontend\dist\out-tsc\src\app\createentry\createentry.component.spec.js
C:\Projects\phonebook_new\phonebook\angularfrontend\dist\out-tsc\src\app\createentry\createentry.component.spec.js.map
C:\Projects\phonebook_new\phonebook\angularfrontend\dist\out-tsc\src\app\get-phone-book\get-phone-book.component.spec.js
C:\Projects\phonebook_new\phonebook\angularfrontend\dist\out-tsc\src\app\get-phone-book\get-phone-book.component.spec.js.map
C:\Projects\phonebook_new\phonebook\angularfrontend\dist\out-tsc\src\app\models\IEntry.js
C:\Projects\phonebook_new\phonebook\angularfrontend\dist\out-tsc\src\app\models\IEntry.js.map
C:\Projects\phonebook_new\phonebook\angularfrontend\dist\out-tsc\src\environments\environment.prod.js
C:\Projects\phonebook_new\phonebook\angularfrontend\dist\out-tsc\src\environments\environment.prod.js.map
